0 verbose cli /usr/local/bin/node /usr/local/lib/node_modules/npm/bin/npm-cli.js
1 info using npm@11.13.0
2 info using node@v24.17.0
3 silly config load:file:/usr/local/lib/node_modules/npm/npmrc
4 silly config load:file:/Users/jamesholman/GitHub/DrugWars/.npmrc
5 silly config load:file:/Users/jamesholman/.npmrc
6 silly config load:file:/usr/local/etc/npmrc
7 verbose title npm exec expo-doctor
8 verbose argv "exec" "--" "expo-doctor"
9 verbose logfile logs-max:10 dir:/Users/jamesholman/GitHub/DrugWars/target/npmCache/_logs/2026-06-25T14_34_57_020Z-
10 verbose logfile /Users/jamesholman/GitHub/DrugWars/target/npmCache/_logs/2026-06-25T14_34_57_020Z-debug-0.log
11 silly logfile start cleaning logs, removing 1 files
12 silly logfile done cleaning log files
13 silly packumentCache heap:4496293888 maxSize:1124073472 maxEntrySize:562036736
14 http fetch GET 200 https://registry.npmjs.org/expo-doctor 307ms (cache updated)
15 silly packumentCache heap:4496293888 maxSize:1124073472 maxEntrySize:562036736
16 silly packumentCache heap:4496293888 maxSize:1124073472 maxEntrySize:562036736
17 verbose cwd /Users/jamesholman/GitHub/DrugWars
18 verbose os Darwin 21.6.0
19 verbose node v24.17.0
20 verbose npm  v11.13.0
21 verbose exit 0
22 info ok
